In file included from [01m[K/home/m_dyse/Dyse-Robotics/Projects/Rofous/src/rofous_gazebo_plugins/src/rofous_gazebo_plugin.cpp:1:0[m[K:
[01m[K/home/m_dyse/Dyse-Robotics/Projects/Rofous/src/rofous_gazebo_plugins/include/rofous_gazebo_plugin.hpp:1:0:[m[K [01;31m[Kerror: [m[Kunterminated #ifndef
 #ifndef _ROFOUS_PLUGIN_HH_
 
make[2]: *** [CMakeFiles/rofous_gazebo_plugins.dir/src/rofous_gazebo_plugin.cpp.o] Error 1
make[1]: *** [CMakeFiles/rofous_gazebo_plugins.dir/all] Error 2
make: *** [all] Error 2
