[01m[K/home/m_dyse/Dyse-Robotics/Projects/Rofous/src/rofous_gazebo_plugins/src/rofous_gazebo_plugins/rofous_gazebo_plugin.cpp:[m[K In member function â€˜[01m[Kvirtual void gazebo::RofousPlugin::Load(gazebo::physics::ModelPtr, sdf::ElementPtr)[m[Kâ€™:
[01m[K/home/m_dyse/Dyse-Robotics/Projects/Rofous/src/rofous_gazebo_plugins/src/rofous_gazebo_plugins/rofous_gazebo_plugin.cpp:32:7:[m[K [01;31m[Kerror: [m[Kâ€˜[01m[Klink_[m[Kâ€™ was not declared in this scope
   if ([01;31m[Klink_[m[K == NULL)
       [01;31m[K^~~~~[m[K
[01m[K/home/m_dyse/Dyse-Robotics/Projects/Rofous/src/rofous_gazebo_plugins/src/rofous_gazebo_plugins/rofous_gazebo_plugin.cpp:32:7:[m[K [01;36m[Knote: [m[Ksuggested alternative: â€˜[01m[Klink[m[Kâ€™
   if ([01;36m[Klink_[m[K == NULL)
       [01;36m[K^~~~~[m[K
       [32m[Klink[m[K
make[2]: *** [CMakeFiles/rofous_gazebo_plugins.dir/src/rofous_gazebo_plugins/rofous_gazebo_plugin.cpp.o] Error 1
make[1]: *** [CMakeFiles/rofous_gazebo_plugins.dir/all] Error 2
make: *** [all] Error 2
