[ 26%] Built target Transformer_Test
[35m[1mScanning dependencies of target rofous_gazebo_plugins[0m
[35m[1mScanning dependencies of target Aerial_Device_Test[0m
[ 33%] [32mBuilding CXX object CMakeFiles/Aerial_Device_Test.dir/src/rofous_gazebo_plugins/Aerial_Device.cpp.o[0m
[ 40%] [32mBuilding CXX object CMakeFiles/rofous_gazebo_plugins.dir/src/rofous_gazebo_plugins/rofous_gazebo_plugin.cpp.o[0m
[ 46%] [32mBuilding CXX object CMakeFiles/rofous_gazebo_plugins.dir/src/rofous_gazebo_plugins/Aerial_Device.cpp.o[0m
[ 46%] Built target rosgraph_msgs_generate_messages_lisp
[ 46%] Built target std_msgs_generate_messages_lisp
[ 46%] Built target rosgraph_msgs_generate_messages_py
[ 46%] Built target std_msgs_generate_messages_py
[ 46%] Built target rosgraph_msgs_generate_messages_nodejs
[ 46%] Built target std_msgs_generate_messages_nodejs
[ 46%] Built target rosgraph_msgs_generate_messages_cpp
[ 46%] Built target std_msgs_generate_messages_cpp
[ 46%] Built target std_msgs_generate_messages_eus
[ 46%] Built target rosgraph_msgs_generate_messages_eus
[ 46%] Built target rofous_gazebo_plugins_generate_messages_lisp
[ 46%] Built target rofous_gazebo_plugins_generate_messages_py
[ 46%] Built target rofous_gazebo_plugins_generate_messages_nodejs
[ 53%] [32m[1mLinking CXX executable Aerial_Device_Test[0m
[ 53%] Built target rofous_gazebo_plugins_generate_messages_cpp
[ 60%] Built target rofous_gazebo_plugins_generate_messages_eus
[ 60%] Built target rofous_gazebo_plugins_generate_messages
[ 80%] Built target Aerial_Device_Test
[01m[K/home/m_dyse/Dyse-Robotics/Projects/Rofous/src/rofous_gazebo_plugins/src/rofous_gazebo_plugins/rofous_gazebo_plugin.cpp:[m[K In member function â€˜[01m[Kvirtual void gazebo::RofousPlugin::Load(gazebo::physics::ModelPtr, sdf::ElementPtr)[m[Kâ€™:
[01m[K/home/m_dyse/Dyse-Robotics/Projects/Rofous/src/rofous_gazebo_plugins/src/rofous_gazebo_plugins/rofous_gazebo_plugin.cpp:32:7:[m[K [01;31m[Kerror: [m[Kâ€˜[01m[Klink_[m[Kâ€™ was not declared in this scope
   if ([01;31m[Klink_[m[K == NULL)
       [01;31m[K^~~~~[m[K
[01m[K/home/m_dyse/Dyse-Robotics/Projects/Rofous/src/rofous_gazebo_plugins/src/rofous_gazebo_plugins/rofous_gazebo_plugin.cpp:32:7:[m[K [01;36m[Knote: [m[Ksuggested alternative: â€˜[01m[Klink[m[Kâ€™
   if ([01;36m[Klink_[m[K == NULL)
       [01;36m[K^~~~~[m[K
       [32m[Klink[m[K
In file included from [01m[K/usr/include/gazebo-9/gazebo/common/common.hh:20:0[m[K,
                 from [01m[K/usr/include/gazebo-9/gazebo/gazebo_core.hh:19[m[K,
                 from [01m[K/usr/include/gazebo-9/gazebo/gazebo.hh:20[m[K,
                 from [01m[K/home/m_dyse/Dyse-Robotics/Projects/Rofous/src/rofous_gazebo_plugins/include/rofous_gazebo_plugins/rofous_gazebo_plugin.hpp:6[m[K,
                 from [01m[K/home/m_dyse/Dyse-Robotics/Projects/Rofous/src/rofous_gazebo_plugins/src/rofous_gazebo_plugins/rofous_gazebo_plugin.cpp:1[m[K:
[01m[K/home/m_dyse/Dyse-Robotics/Projects/Rofous/src/rofous_gazebo_plugins/src/rofous_gazebo_plugins/rofous_gazebo_plugin.cpp:33:67:[m[K [01;31m[Kerror: [m[Kâ€˜[01m[Klink_name_[m[Kâ€™ was not declared in this scope
       gzthrow("[gazebo_plugin] Couldn't find specified link \""<< [01;31m[Kl[m[Kink_name_ << "\".");
                                                                   [01;31m[K^[m[K
[01m[K/usr/include/gazebo-9/gazebo/common/Exception.hh:40:22:[m[K [01;36m[Knote: [m[Kin definition of macro â€˜[01m[Kgzthrow[m[Kâ€™
       throwStream << [01;36m[Kmsg[m[K << std::endl << std::flush;\
                      [01;36m[K^~~[m[K
[01m[K/home/m_dyse/Dyse-Robotics/Projects/Rofous/src/rofous_gazebo_plugins/src/rofous_gazebo_plugins/rofous_gazebo_plugin.cpp:33:67:[m[K [01;36m[Knote: [m[Ksuggested alternative: â€˜[01m[Klink_name[m[Kâ€™
       gzthrow("[gazebo_plugin] Couldn't find specified link \""<< [01;36m[Kl[m[Kink_name_ << "\".");
                                                                   [01;36m[K^[m[K
[01m[K/usr/include/gazebo-9/gazebo/common/Exception.hh:40:22:[m[K [01;36m[Knote: [m[Kin definition of macro â€˜[01m[Kgzthrow[m[Kâ€™
       throwStream << [01;36m[Kmsg[m[K << std::endl << std::flush;\
                      [01;36m[K^~~[m[K
[01m[K/home/m_dyse/Dyse-Robotics/Projects/Rofous/src/rofous_gazebo_plugins/src/rofous_gazebo_plugins/rofous_gazebo_plugin.cpp:[m[K In member function â€˜[01m[Kvoid gazebo::RofousPlugin::OnUpdate()[m[Kâ€™:
[01m[K/home/m_dyse/Dyse-Robotics/Projects/Rofous/src/rofous_gazebo_plugins/src/rofous_gazebo_plugins/rofous_gazebo_plugin.cpp:64:87:[m[K [01;31m[Kerror: [m[Kâ€˜[01m[Kfnet[m[Kâ€™ was not declared in this scope
   const ignition::math::Vector3d forces = ignition::math::Vector3d (fNet[0], fNet[1], [01;31m[Kfnet[m[K[2]);
                                                                                       [01;31m[K^~~~[m[K
[01m[K/home/m_dyse/Dyse-Robotics/Projects/Rofous/src/rofous_gazebo_plugins/src/rofous_gazebo_plugins/rofous_gazebo_plugin.cpp:64:87:[m[K [01;36m[Knote: [m[Ksuggested alternative: â€˜[01m[KfNet[m[Kâ€™
   const ignition::math::Vector3d forces = ignition::math::Vector3d (fNet[0], fNet[1], [01;36m[Kfnet[m[K[2]);
                                                                                       [01;36m[K^~~~[m[K
                                                                                       [32m[KfNet[m[K
CMakeFiles/rofous_gazebo_plugins.dir/build.make:62: recipe for target 'CMakeFiles/rofous_gazebo_plugins.dir/src/rofous_gazebo_plugins/rofous_gazebo_plugin.cpp.o' failed
make[2]: *** [CMakeFiles/rofous_gazebo_plugins.dir/src/rofous_gazebo_plugins/rofous_gazebo_plugin.cpp.o] Error 1
CMakeFiles/Makefile2:104: recipe for target 'CMakeFiles/rofous_gazebo_plugins.dir/all' failed
make[1]: *** [CMakeFiles/rofous_gazebo_plugins.dir/all] Error 2
Makefile:140: recipe for target 'all' failed
make: *** [all] Error 2
