[35m[1mScanning dependencies of target rofous_gazebo_plugins[0m
[ 35%] Built target Aerial_Device_Test
[ 64%] Built target Transformer_Test
[ 71%] [32mBuilding CXX object CMakeFiles/rofous_gazebo_plugins.dir/src/rofous_gazebo_plugins/rofous_gazebo_plugin.cpp.o[0m
[01m[K/home/m_dyse/Rofous/src/rofous_gazebo_plugins/src/rofous_gazebo_plugins/rofous_gazebo_plugin.cpp:[m[K In member function â€˜[01m[Kvoid gazebo::RofousPlugin::OnUpdate()[m[Kâ€™:
[01m[K/home/m_dyse/Rofous/src/rofous_gazebo_plugins/src/rofous_gazebo_plugins/rofous_gazebo_plugin.cpp:50:69:[m[K [01;31m[Kerror: [m[Kâ€˜[01m[KfNet[m[Kâ€™ was not declared in this scope
   50 |   const ignition::math::Vector3d forces = ignition::math::Vector3d ([01;31m[KfNet[m[K[0], fNet[1], fNet[2]);
      |                                                                     [01;31m[K^~~~[m[K
[01m[K/home/m_dyse/Rofous/src/rofous_gazebo_plugins/src/rofous_gazebo_plugins/rofous_gazebo_plugin.cpp:[m[K In member function â€˜[01m[Kint gazebo::RofousPlugin::connectRosNodes()[m[Kâ€™:
[01m[K/home/m_dyse/Rofous/src/rofous_gazebo_plugins/src/rofous_gazebo_plugins/rofous_gazebo_plugin.cpp:63:2:[m[K [01;35m[Kwarning: [m[Kno return statement in function returning non-void [[01;35m[K-Wreturn-type[m[K]
   63 |  [01;35m[K}[m[K
      |  [01;35m[K^[m[K
make[2]: *** [CMakeFiles/rofous_gazebo_plugins.dir/build.make:63: CMakeFiles/rofous_gazebo_plugins.dir/src/rofous_gazebo_plugins/rofous_gazebo_plugin.cpp.o] Error 1
make[1]: *** [CMakeFiles/Makefile2:265: CMakeFiles/rofous_gazebo_plugins.dir/all] Error 2
make: *** [Makefile:141: all] Error 2
