[35m[1mScanning dependencies of target rofous_gazebo_plugins[0m
[ 35%] Built target Aerial_Device_Test
[ 64%] Built target Transformer_Test
[ 71%] [32mBuilding CXX object CMakeFiles/rofous_gazebo_plugins.dir/src/rofous_gazebo_plugins/rofous_gazebo_plugin.cpp.o[0m
In file included from [01m[K/usr/include/gazebo-11/gazebo/common/common.hh:36[m[K,
                 from [01m[K/usr/include/gazebo-11/gazebo/gazebo_core.hh:19[m[K,
                 from [01m[K/usr/include/gazebo-11/gazebo/gazebo.hh:20[m[K,
                 from [01m[K/home/m_dyse/Rofous/src/rofous_gazebo_plugins/include/rofous_gazebo_plugins/rofous_gazebo_plugin.h:6[m[K,
                 from [01m[K/home/m_dyse/Rofous/src/rofous_gazebo_plugins/src/rofous_gazebo_plugins/rofous_gazebo_plugin.cpp:1[m[K:
[01m[K/home/m_dyse/Rofous/src/rofous_gazebo_plugins/include/rofous_gazebo_plugins/rofous_gazebo_plugin.h:[m[K In function â€˜[01m[Kgazebo::ModelPlugin* gazebo::RegisterPlugin()[m[Kâ€™:
[01m[K/home/m_dyse/Rofous/src/rofous_gazebo_plugins/include/rofous_gazebo_plugins/rofous_gazebo_plugin.h:21:27:[m[K [01;31m[Kerror: [m[Kexpected type-specifier before â€˜[01m[KRofousPlugin[m[Kâ€™
   21 |  GZ_REGISTER_MODEL_PLUGIN([01;31m[KRofousPlugin[m[K);
      |                           [01;31m[K^~~~~~~~~~~~[m[K
[01m[K/usr/include/gazebo-11/gazebo/common/Plugin.hh:423:16:[m[K [01;36m[Knote: [m[Kin definition of macro â€˜[01m[KGZ_REGISTER_MODEL_PLUGIN[m[Kâ€™
  423 |     return new [01;36m[Kclassname[m[K();\
      |                [01;36m[K^~~~~~~~~[m[K
[01m[K/home/m_dyse/Rofous/src/rofous_gazebo_plugins/include/rofous_gazebo_plugins/rofous_gazebo_plugin.h:21:27:[m[K [01;31m[Kerror: [m[Kexpected â€˜[01m[K;[m[Kâ€™ before â€˜[01m[KRofousPlugin[m[Kâ€™
   21 |  GZ_REGISTER_MODEL_PLUGIN([01;31m[KRofousPlugin[m[K);
      |                           [01;31m[K^~~~~~~~~~~~[m[K
[01m[K/usr/include/gazebo-11/gazebo/common/Plugin.hh:423:16:[m[K [01;36m[Knote: [m[Kin definition of macro â€˜[01m[KGZ_REGISTER_MODEL_PLUGIN[m[Kâ€™
  423 |     return new [01;36m[Kclassname[m[K();\
      |                [01;36m[K^~~~~~~~~[m[K
[01m[K/home/m_dyse/Rofous/src/rofous_gazebo_plugins/include/rofous_gazebo_plugins/rofous_gazebo_plugin.h:21:27:[m[K [01;31m[Kerror: [m[Kâ€˜[01m[KRofousPlugin[m[Kâ€™ was not declared in this scope
   21 |  GZ_REGISTER_MODEL_PLUGIN([01;31m[KRofousPlugin[m[K);
      |                           [01;31m[K^~~~~~~~~~~~[m[K
[01m[K/usr/include/gazebo-11/gazebo/common/Plugin.hh:423:16:[m[K [01;36m[Knote: [m[Kin definition of macro â€˜[01m[KGZ_REGISTER_MODEL_PLUGIN[m[Kâ€™
  423 |     return new [01;36m[Kclassname[m[K();\
      |                [01;36m[K^~~~~~~~~[m[K
make[2]: *** [CMakeFiles/rofous_gazebo_plugins.dir/build.make:63: CMakeFiles/rofous_gazebo_plugins.dir/src/rofous_gazebo_plugins/rofous_gazebo_plugin.cpp.o] Error 1
make[1]: *** [CMakeFiles/Makefile2:265: CMakeFiles/rofous_gazebo_plugins.dir/all] Error 2
make: *** [Makefile:141: all] Error 2
