[01m[K/home/m_dyse/Dyse-Robotics/Projects/Rofous/src/rofous_controller/src/Transformer.cpp:[m[K In member function â€˜[01m[Kvoid Transformer::transform(Matrix*, bool)[m[Kâ€™:
[01m[K/home/m_dyse/Dyse-Robotics/Projects/Rofous/src/rofous_controller/src/Transformer.cpp:125:3:[m[K [01;31m[Kerror: [m[Kexpected â€˜[01m[K;[m[Kâ€™ before â€˜[01m[Kpoint[m[Kâ€™
   [01;31m[Kpoint[m[K->reshape(3,1);
   [01;31m[K^~~~~[m[K
[01m[K/home/m_dyse/Dyse-Robotics/Projects/Rofous/src/rofous_controller/src/Transformer.cpp:[m[K In member function â€˜[01m[Kvoid Transformer::transform(Matrix*, bool)[m[Kâ€™:
[01m[K/home/m_dyse/Dyse-Robotics/Projects/Rofous/src/rofous_controller/src/Transformer.cpp:125:3:[m[K [01;31m[Kerror: [m[Kexpected â€˜[01m[K;[m[Kâ€™ before â€˜[01m[Kpoint[m[Kâ€™
   [01;31m[Kpoint[m[K->reshape(3,1);
   [01;31m[K^~~~~[m[K
make[2]: *** [CMakeFiles/Transformer_Test.dir/src/Transformer.cpp.o] Error 1
make[1]: *** [CMakeFiles/Transformer_Test.dir/all] Error 2
make[1]: *** Waiting for unfinished jobs....
make[2]: *** [CMakeFiles/Aerial_Device_Test.dir/src/Transformer.cpp.o] Error 1
make[1]: *** [CMakeFiles/Aerial_Device_Test.dir/all] Error 2
make: *** [all] Error 2
