[01m[K/home/m_dyse/Dyse-Robotics/Projects/Rofous/src/rofous_controller/src/Aerial_Device.cpp:[m[K In member function â€˜[01m[Kvoid Aerial_Device::build_transformers()[m[Kâ€™:
[01m[K/home/m_dyse/Dyse-Robotics/Projects/Rofous/src/rofous_controller/src/Aerial_Device.cpp:93:33:[m[K [01;31m[Kerror: [m[Kâ€˜[01m[Kstd::__cxx11::string Transformer::name[m[Kâ€™ is private within this context
   cout << autobots[i+1].parent->[01;31m[Kname[m[K << endl;
                                 [01;31m[K^~~~[m[K
In file included from [01m[K/home/m_dyse/Dyse-Robotics/Projects/Rofous/src/rofous_controller/include/Aerial_Device.hpp:1:0[m[K,
                 from [01m[K/home/m_dyse/Dyse-Robotics/Projects/Rofous/src/rofous_controller/src/Aerial_Device.cpp:6[m[K:
[01m[K/home/m_dyse/Dyse-Robotics/Projects/Rofous/src/rofous_controller/include/Transformer.hpp:11:10:[m[K [01;36m[Knote: [m[Kdeclared private here
   string [01;36m[Kname[m[K;
          [01;36m[K^~~~[m[K
make[2]: *** [CMakeFiles/Aerial_Device_Test.dir/src/Aerial_Device.cpp.o] Error 1
make[1]: *** [CMakeFiles/Aerial_Device_Test.dir/all] Error 2
make: *** [all] Error 2
