[01m[K/home/m_dyse/Dyse-Robotics/Projects/Rofous/src/rofous_controller/src/Aerial_Device_Dev.cpp:[m[K In function â€˜[01m[Kint main(int, char**)[m[Kâ€™:
[01m[K/home/m_dyse/Dyse-Robotics/Projects/Rofous/src/rofous_controller/src/Aerial_Device_Dev.cpp:61:47:[m[K [01;31m[Kerror: [m[Kbase operand of â€˜[01m[K->[m[Kâ€™ has non-pointer type â€˜[01m[KMatrix[m[Kâ€™
  test.info = "\tState:\n" + rofous.get_state()[01;31m[K->[m[Kmatrix_as_string();
                                               [01;31m[K^~[m[K
[01m[K/home/m_dyse/Dyse-Robotics/Projects/Rofous/src/rofous_controller/src/Aerial_Device_Dev.cpp:97:18:[m[K [01;31m[Kerror: [m[Kâ€˜[01m[Kn[m[Kâ€™ was not declared in this scope
  validate_vector([01;31m[Kn[m[K, &test, m);
                  [01;31m[K^[m[K
[01m[K/home/m_dyse/Dyse-Robotics/Projects/Rofous/src/rofous_controller/src/Aerial_Device_Dev.cpp:97:28:[m[K [01;31m[Kerror: [m[Kâ€˜[01m[Km[m[Kâ€™ was not declared in this scope
  validate_vector(n, &test, [01;31m[Km[m[K);
                            [01;31m[K^[m[K
make[2]: *** [CMakeFiles/Aerial_Device_Test.dir/src/Aerial_Device_Dev.cpp.o] Error 1
make[2]: *** Waiting for unfinished jobs....
make[1]: *** [CMakeFiles/Aerial_Device_Test.dir/all] Error 2
make: *** [all] Error 2
