In file included from [01m[K/home/m_dyse/Dyse-Robotics/Projects/Rofous/src/rofous_controller/include/Aerial_Device.hpp:1:0[m[K,
                 from [01m[K/home/m_dyse/Dyse-Robotics/Projects/Rofous/src/rofous_controller/src/Aerial_Device_Dev.cpp:6[m[K:
[01m[K/home/m_dyse/Dyse-Robotics/Projects/Rofous/src/rofous_controller/include/Transformer.hpp:28:23:[m[K [01;31m[Kerror: [m[Kâ€˜[01m[Kvoid Transformer::R(Matrix*, bool)[m[Kâ€™ conflicts with a previous declaration
   void R(Matrix*, bool[01;31m[K)[m[K;
                       [01;31m[K^[m[K
[01m[K/home/m_dyse/Dyse-Robotics/Projects/Rofous/src/rofous_controller/include/Transformer.hpp:12:10:[m[K [01;36m[Knote: [m[Kprevious declaration â€˜[01m[KMatrix Transformer::R[m[Kâ€™
   Matrix [01;36m[KR[m[K;
          [01;36m[K^[m[K
In file included from [01m[K/home/m_dyse/Dyse-Robotics/Projects/Rofous/src/rofous_controller/src/Transformer_Dev.cpp:6:0[m[K:
[01m[K/home/m_dyse/Dyse-Robotics/Projects/Rofous/src/rofous_controller/include/Transformer.hpp:28:23:[m[K [01;31m[Kerror: [m[Kâ€˜[01m[Kvoid Transformer::R(Matrix*, bool)[m[Kâ€™ conflicts with a previous declaration
   void R(Matrix*, bool[01;31m[K)[m[K;
                       [01;31m[K^[m[K
[01m[K/home/m_dyse/Dyse-Robotics/Projects/Rofous/src/rofous_controller/include/Transformer.hpp:12:10:[m[K [01;36m[Knote: [m[Kprevious declaration â€˜[01m[KMatrix Transformer::R[m[Kâ€™
   Matrix [01;36m[KR[m[K;
          [01;36m[K^[m[K
make[2]: *** [CMakeFiles/Aerial_Device_Test.dir/src/Aerial_Device_Dev.cpp.o] Error 1
make[2]: *** Waiting for unfinished jobs....
make[2]: *** [CMakeFiles/Transformer_Test.dir/src/Transformer_Dev.cpp.o] Error 1
make[2]: *** Waiting for unfinished jobs....
In file included from [01m[K/home/m_dyse/Dyse-Robotics/Projects/Rofous/src/rofous_controller/include/Aerial_Device.hpp:1:0[m[K,
                 from [01m[K/home/m_dyse/Dyse-Robotics/Projects/Rofous/src/rofous_controller/src/Aerial_Device.cpp:6[m[K:
[01m[K/home/m_dyse/Dyse-Robotics/Projects/Rofous/src/rofous_controller/include/Transformer.hpp:28:23:[m[K [01;31m[Kerror: [m[Kâ€˜[01m[Kvoid Transformer::R(Matrix*, bool)[m[Kâ€™ conflicts with a previous declaration
   void R(Matrix*, bool[01;31m[K)[m[K;
                       [01;31m[K^[m[K
[01m[K/home/m_dyse/Dyse-Robotics/Projects/Rofous/src/rofous_controller/include/Transformer.hpp:12:10:[m[K [01;36m[Knote: [m[Kprevious declaration â€˜[01m[KMatrix Transformer::R[m[Kâ€™
   Matrix [01;36m[KR[m[K;
          [01;36m[K^[m[K
[01m[K/home/m_dyse/Dyse-Robotics/Projects/Rofous/src/rofous_controller/src/Aerial_Device.cpp:[m[K In member function â€˜[01m[Kstd::vector<float> Aerial_Device::get_Fnet()[m[Kâ€™:
[01m[K/home/m_dyse/Dyse-Robotics/Projects/Rofous/src/rofous_controller/src/Aerial_Device.cpp:112:17:[m[K [01;31m[Kerror: [m[Krequest for member â€˜[01m[KR[m[Kâ€™ in â€˜[01m[K((Aerial_Device*)this)->Aerial_Device::autobots.std::vector<Transformer*>::operator[](((std::vector<Transformer*>::size_type)(i + 1)))[m[Kâ€™, which is of pointer type â€˜[01m[K__gnu_cxx::__alloc_traits<std::allocator<Transformer*> >::value_type {aka Transformer*}[m[Kâ€™ (maybe you meant to use â€˜[01m[K->[m[Kâ€™ ?)
   autobots[i+1].[01;31m[KR[m[K(thrust*, true);
                 [01;31m[K^[m[K
[01m[K/home/m_dyse/Dyse-Robotics/Projects/Rofous/src/rofous_controller/src/Aerial_Device.cpp:112:26:[m[K [01;31m[Kerror: [m[Kexpected primary-expression before â€˜[01m[K,[m[Kâ€™ token
   autobots[i+1].R(thrust*[01;31m[K,[m[K true);
                          [01;31m[K^[m[K
[01m[K/home/m_dyse/Dyse-Robotics/Projects/Rofous/src/rofous_controller/src/Aerial_Device.cpp:119:17:[m[K [01;31m[Kerror: [m[Krequest for member â€˜[01m[KR[m[Kâ€™ in â€˜[01m[K((Aerial_Device*)this)->Aerial_Device::autobots.std::vector<Transformer*>::operator[](((std::vector<Transformer*>::size_type)(i + 1)))[m[Kâ€™, which is of pointer type â€˜[01m[K__gnu_cxx::__alloc_traits<std::allocator<Transformer*> >::value_type {aka Transformer*}[m[Kâ€™ (maybe you meant to use â€˜[01m[K->[m[Kâ€™ ?)
   autobots[i+1].[01;31m[KR[m[K(thrust*, true);
                 [01;31m[K^[m[K
[01m[K/home/m_dyse/Dyse-Robotics/Projects/Rofous/src/rofous_controller/src/Aerial_Device.cpp:119:26:[m[K [01;31m[Kerror: [m[Kexpected primary-expression before â€˜[01m[K,[m[Kâ€™ token
   autobots[i+1].R(thrust*[01;31m[K,[m[K true);
                          [01;31m[K^[m[K
[01m[K/home/m_dyse/Dyse-Robotics/Projects/Rofous/src/rofous_controller/src/Aerial_Device.cpp:127:31:[m[K [01;31m[Kerror: [m[Kno match for â€˜[01m[Koperator[][m[Kâ€™ (operand types are â€˜[01m[KMatrix[m[Kâ€™ and â€˜[01m[Kint[m[Kâ€™)
   lin_thrust[i] += stateActual[01;31m[K[[m[K1][i] * drag_coef;
                               [01;31m[K^[m[K
[01m[K/home/m_dyse/Dyse-Robotics/Projects/Rofous/src/rofous_controller/src/Aerial_Device.cpp:128:27:[m[K [01;31m[Kerror: [m[Kno match for â€˜[01m[Koperator[][m[Kâ€™ (operand types are â€˜[01m[KMatrix[m[Kâ€™ and â€˜[01m[Kint[m[Kâ€™)
   torque[i] += stateActual[01;31m[K[[m[K1][i+3] * drag_coef;
                           [01;31m[K^[m[K
In file included from [01m[K/home/m_dyse/Dyse-Robotics/Projects/Rofous/src/rofous_controller/src/Transformer.cpp:6:0[m[K:
[01m[K/home/m_dyse/Dyse-Robotics/Projects/Rofous/src/rofous_controller/include/Transformer.hpp:28:23:[m[K [01;31m[Kerror: [m[Kâ€˜[01m[Kvoid Transformer::R(Matrix*, bool)[m[Kâ€™ conflicts with a previous declaration
   void R(Matrix*, bool[01;31m[K)[m[K;
                       [01;31m[K^[m[K
[01m[K/home/m_dyse/Dyse-Robotics/Projects/Rofous/src/rofous_controller/include/Transformer.hpp:12:10:[m[K [01;36m[Knote: [m[Kprevious declaration â€˜[01m[KMatrix Transformer::R[m[Kâ€™
   Matrix [01;36m[KR[m[K;
          [01;36m[K^[m[K
[01m[K/home/m_dyse/Dyse-Robotics/Projects/Rofous/src/rofous_controller/src/Transformer.cpp:[m[K In member function â€˜[01m[Kvoid Transformer::Rx(float)[m[Kâ€™:
[01m[K/home/m_dyse/Dyse-Robotics/Projects/Rofous/src/rofous_controller/src/Transformer.cpp:38:2:[m[K [01;31m[Kerror: [m[Kinvalid use of member function â€˜[01m[Kvoid Transformer::R(Matrix*, bool)[m[Kâ€™ (did you forget the â€˜[01m[K()[m[Kâ€™ ?)
  [01;31m[KR[m[K.matmul(&r_mat);
  [01;31m[K^[m[K
[01m[K/home/m_dyse/Dyse-Robotics/Projects/Rofous/src/rofous_controller/src/Transformer.cpp:[m[K In member function â€˜[01m[Kvoid Transformer::Ry(float)[m[Kâ€™:
[01m[K/home/m_dyse/Dyse-Robotics/Projects/Rofous/src/rofous_controller/src/Transformer.cpp:45:2:[m[K [01;31m[Kerror: [m[Kinvalid use of member function â€˜[01m[Kvoid Transformer::R(Matrix*, bool)[m[Kâ€™ (did you forget the â€˜[01m[K()[m[Kâ€™ ?)
  [01;31m[KR[m[K.matmul(&r_mat);
  [01;31m[K^[m[K
[01m[K/home/m_dyse/Dyse-Robotics/Projects/Rofous/src/rofous_controller/src/Transformer.cpp:[m[K In member function â€˜[01m[Kvoid Transformer::Rz(float)[m[Kâ€™:
[01m[K/home/m_dyse/Dyse-Robotics/Projects/Rofous/src/rofous_controller/src/Transformer.cpp:52:2:[m[K [01;31m[Kerror: [m[Kinvalid use of member function â€˜[01m[Kvoid Transformer::R(Matrix*, bool)[m[Kâ€™ (did you forget the â€˜[01m[K()[m[Kâ€™ ?)
  [01;31m[KR[m[K.matmul(&r_mat);
  [01;31m[K^[m[K
In file included from [01m[K/home/m_dyse/Dyse-Robotics/Projects/Rofous/src/rofous_controller/src/Transformer.cpp:3:0[m[K:
[01m[K/home/m_dyse/Dyse-Robotics/Projects/Rofous/src/rofous_controller/src/Transformer.cpp:[m[K In member function â€˜[01m[Kvoid Transformer::build_rotation(std::vector<float>, std::vector<char>)[m[Kâ€™:
[01m[K/home/m_dyse/Dyse-Robotics/Projects/Rofous/src/rofous_controller/src/Transformer.cpp:57:29:[m[K [01;31m[Kerror: [m[Kinvalid use of member function â€˜[01m[Kvoid Transformer::R(Matrix*, bool)[m[Kâ€™ (did you forget the â€˜[01m[K()[m[Kâ€™ ?)
  assert(reference.size() == [01;31m[KR[m[K.rows());
                             [01;31m[K^[m[K
[01m[K/home/m_dyse/Dyse-Robotics/Projects/Rofous/src/rofous_controller/src/Transformer.cpp:57:31:[m[K [01;31m[Kerror: [m[Kexpected â€˜[01m[K)[m[Kâ€™ before â€˜[01m[Krows[m[Kâ€™
  assert(reference.size() == R.[01;31m[Kr[m[Kows());
                               [01;31m[K^[m[K
[01m[K/home/m_dyse/Dyse-Robotics/Projects/Rofous/src/rofous_controller/src/Transformer.cpp:57:31:[m[K [01;31m[Kerror: [m[Kexpected â€˜[01m[K)[m[Kâ€™ before â€˜[01m[Krows[m[Kâ€™
[01m[K/home/m_dyse/Dyse-Robotics/Projects/Rofous/src/rofous_controller/src/Transformer.cpp:[m[K In member function â€˜[01m[Kvoid Transformer::add_translation(std::vector<float>, Matrix*)[m[Kâ€™:
[01m[K/home/m_dyse/Dyse-Robotics/Projects/Rofous/src/rofous_controller/src/Transformer.cpp:76:31:[m[K [01;31m[Kerror: [m[Kinvalid use of member function â€˜[01m[Kvoid Transformer::R(Matrix*, bool)[m[Kâ€™ (did you forget the â€˜[01m[K()[m[Kâ€™ ?)
  assert(translation.size() == [01;31m[KR[m[K.rows());
                               [01;31m[K^[m[K
[01m[K/home/m_dyse/Dyse-Robotics/Projects/Rofous/src/rofous_controller/src/Transformer.cpp:76:33:[m[K [01;31m[Kerror: [m[Kexpected â€˜[01m[K)[m[Kâ€™ before â€˜[01m[Krows[m[Kâ€™
  assert(translation.size() == R.[01;31m[Kr[m[Kows());
                                 [01;31m[K^[m[K
[01m[K/home/m_dyse/Dyse-Robotics/Projects/Rofous/src/rofous_controller/src/Transformer.cpp:76:33:[m[K [01;31m[Kerror: [m[Kexpected â€˜[01m[K)[m[Kâ€™ before â€˜[01m[Krows[m[Kâ€™
make[2]: *** [CMakeFiles/Aerial_Device_Test.dir/src/Aerial_Device.cpp.o] Error 1
[01m[K/home/m_dyse/Dyse-Robotics/Projects/Rofous/src/rofous_controller/src/Transformer.cpp:80:19:[m[K [01;31m[Kerror: [m[Kinvalid use of member function â€˜[01m[Kvoid Transformer::R(Matrix*, bool)[m[Kâ€™ (did you forget the â€˜[01m[K()[m[Kâ€™ ?)
  for(int i=0; i < [01;31m[KR[m[K.rows(); i++)
                   [01;31m[K^[m[K
[01m[K/home/m_dyse/Dyse-Robotics/Projects/Rofous/src/rofous_controller/src/Transformer.cpp:80:21:[m[K [01;31m[Kerror: [m[Kexpected â€˜[01m[K;[m[Kâ€™ before â€˜[01m[Krows[m[Kâ€™
  for(int i=0; i < R.[01;31m[Krows[m[K(); i++)
                     [01;31m[K^~~~[m[K
[01m[K/home/m_dyse/Dyse-Robotics/Projects/Rofous/src/rofous_controller/src/Transformer.cpp:80:21:[m[K [01;31m[Kerror: [m[Kâ€˜[01m[Krows[m[Kâ€™ was not declared in this scope
[01m[K/home/m_dyse/Dyse-Robotics/Projects/Rofous/src/rofous_controller/src/Transformer.cpp:80:21:[m[K [01;36m[Knote: [m[Ksuggested alternative: â€˜[01m[Kpowl[m[Kâ€™
  for(int i=0; i < R.[01;36m[Krows[m[K(); i++)
                     [01;36m[K^~~~[m[K
                     [32m[Kpowl[m[K
[01m[K/home/m_dyse/Dyse-Robotics/Projects/Rofous/src/rofous_controller/src/Transformer.cpp:80:27:[m[K [01;31m[Kerror: [m[Kexpected â€˜[01m[K)[m[Kâ€™ before â€˜[01m[K;[m[Kâ€™ token
  for(int i=0; i < R.rows()[01;31m[K;[m[K i++)
                           [01;31m[K^[m[K
[01m[K/home/m_dyse/Dyse-Robotics/Projects/Rofous/src/rofous_controller/src/Transformer.cpp:80:29:[m[K [01;31m[Kerror: [m[Kâ€˜[01m[Ki[m[Kâ€™ was not declared in this scope
  for(int i=0; i < R.rows(); [01;31m[Ki[m[K++)
                             [01;31m[K^[m[K
[01m[K/home/m_dyse/Dyse-Robotics/Projects/Rofous/src/rofous_controller/src/Transformer.cpp:80:29:[m[K [01;36m[Knote: [m[Ksuggested alternative: â€˜[01m[KPi[m[Kâ€™
  for(int i=0; i < R.rows(); [01;36m[Ki[m[K++)
                             [01;36m[K^[m[K
                             [32m[KPi[m[K
[01m[K/home/m_dyse/Dyse-Robotics/Projects/Rofous/src/rofous_controller/src/Transformer.cpp:[m[K In member function â€˜[01m[Kvoid Transformer::build_transform(std::vector<float>, std::vector<float>, std::vector<char>)[m[Kâ€™:
[01m[K/home/m_dyse/Dyse-Robotics/Projects/Rofous/src/rofous_controller/src/Transformer.cpp:95:2:[m[K [01;31m[Kerror: [m[Kinvalid use of member function â€˜[01m[Kvoid Transformer::R(Matrix*, bool)[m[Kâ€™ (did you forget the â€˜[01m[K()[m[Kâ€™ ?)
  [01;31m[KR[m[K.T();
  [01;31m[K^[m[K
[01m[K/home/m_dyse/Dyse-Robotics/Projects/Rofous/src/rofous_controller/src/Transformer.cpp:97:2:[m[K [01;31m[Kerror: [m[Kinvalid use of member function â€˜[01m[Kvoid Transformer::R(Matrix*, bool)[m[Kâ€™ (did you forget the â€˜[01m[K()[m[Kâ€™ ?)
  [01;31m[KR[m[K.T();
  [01;31m[K^[m[K
[01m[K/home/m_dyse/Dyse-Robotics/Projects/Rofous/src/rofous_controller/src/Transformer.cpp:[m[K In member function â€˜[01m[Kvoid Transformer::R(Matrix*, bool)[m[Kâ€™:
[01m[K/home/m_dyse/Dyse-Robotics/Projects/Rofous/src/rofous_controller/src/Transformer.cpp:109:4:[m[K [01;31m[Kerror: [m[Kinvalid use of member function â€˜[01m[Kvoid Transformer::R(Matrix*, bool)[m[Kâ€™ (did you forget the â€˜[01m[K()[m[Kâ€™ ?)
    [01;31m[KR[m[K.T();
    [01;31m[K^[m[K
[01m[K/home/m_dyse/Dyse-Robotics/Projects/Rofous/src/rofous_controller/src/Transformer.cpp:110:19:[m[K [01;31m[Kerror: [m[KISO C++ forbids taking the address of an unqualified or parenthesized non-static member function to form a pointer to member function.  Say â€˜[01m[K&Transformer::R[m[Kâ€™ [[01;31m[K-fpermissive[m[K]
    point->matmul(&[01;31m[KR[m[K);
                   [01;31m[K^[m[K
[01m[K/home/m_dyse/Dyse-Robotics/Projects/Rofous/src/rofous_controller/src/Transformer.cpp:110:20:[m[K [01;31m[Kerror: [m[Kno matching function for call to â€˜[01m[KMatrix::matmul(void (Transformer::*)(Matrix*, bool))[m[Kâ€™
    point->matmul(&R[01;31m[K)[m[K;
                    [01;31m[K^[m[K
In file included from [01m[K/home/m_dyse/Dyse-Robotics/Projects/Rofous/src/rofous_controller/include/Transformer.hpp:1:0[m[K,
                 from [01m[K/home/m_dyse/Dyse-Robotics/Projects/Rofous/src/rofous_controller/src/Transformer.cpp:6[m[K:
[01m[K/home/m_dyse/Dyse-Robotics/Projects/Rofous/src/rofous_controller/include/Matrix.hpp:23:8:[m[K [01;36m[Knote: [m[Kcandidate: void Matrix::matmul(Matrix*)
   void [01;36m[Kmatmul[m[K(Matrix*);
        [01;36m[K^~~~~~[m[K
[01m[K/home/m_dyse/Dyse-Robotics/Projects/Rofous/src/rofous_controller/include/Matrix.hpp:23:8:[m[K [01;36m[Knote: [m[K  no known conversion for argument 1 from â€˜[01m[Kvoid (Transformer::*)(Matrix*, bool)[m[Kâ€™ to â€˜[01m[KMatrix*[m[Kâ€™
[01m[K/home/m_dyse/Dyse-Robotics/Projects/Rofous/src/rofous_controller/src/Transformer.cpp:111:4:[m[K [01;31m[Kerror: [m[Kinvalid use of member function â€˜[01m[Kvoid Transformer::R(Matrix*, bool)[m[Kâ€™ (did you forget the â€˜[01m[K()[m[Kâ€™ ?)
    [01;31m[KR[m[K.T();
    [01;31m[K^[m[K
[01m[K/home/m_dyse/Dyse-Robotics/Projects/Rofous/src/rofous_controller/src/Transformer.cpp:118:19:[m[K [01;31m[Kerror: [m[KISO C++ forbids taking the address of an unqualified or parenthesized non-static member function to form a pointer to member function.  Say â€˜[01m[K&Transformer::R[m[Kâ€™ [[01;31m[K-fpermissive[m[K]
    point->matmul(&[01;31m[KR[m[K);
                   [01;31m[K^[m[K
[01m[K/home/m_dyse/Dyse-Robotics/Projects/Rofous/src/rofous_controller/src/Transformer.cpp:118:20:[m[K [01;31m[Kerror: [m[Kno matching function for call to â€˜[01m[KMatrix::matmul(void (Transformer::*)(Matrix*, bool))[m[Kâ€™
    point->matmul(&R[01;31m[K)[m[K;
                    [01;31m[K^[m[K
In file included from [01m[K/home/m_dyse/Dyse-Robotics/Projects/Rofous/src/rofous_controller/include/Transformer.hpp:1:0[m[K,
                 from [01m[K/home/m_dyse/Dyse-Robotics/Projects/Rofous/src/rofous_controller/src/Transformer.cpp:6[m[K:
[01m[K/home/m_dyse/Dyse-Robotics/Projects/Rofous/src/rofous_controller/include/Matrix.hpp:23:8:[m[K [01;36m[Knote: [m[Kcandidate: void Matrix::matmul(Matrix*)
   void [01;36m[Kmatmul[m[K(Matrix*);
        [01;36m[K^~~~~~[m[K
[01m[K/home/m_dyse/Dyse-Robotics/Projects/Rofous/src/rofous_controller/include/Matrix.hpp:23:8:[m[K [01;36m[Knote: [m[K  no known conversion for argument 1 from â€˜[01m[Kvoid (Transformer::*)(Matrix*, bool)[m[Kâ€™ to â€˜[01m[KMatrix*[m[Kâ€™
make[2]: *** [CMakeFiles/Aerial_Device_Test.dir/src/Transformer.cpp.o] Error 1
make[1]: *** [CMakeFiles/Aerial_Device_Test.dir/all] Error 2
make[1]: *** Waiting for unfinished jobs....
In file included from [01m[K/home/m_dyse/Dyse-Robotics/Projects/Rofous/src/rofous_controller/src/Transformer.cpp:6:0[m[K:
[01m[K/home/m_dyse/Dyse-Robotics/Projects/Rofous/src/rofous_controller/include/Transformer.hpp:28:23:[m[K [01;31m[Kerror: [m[Kâ€˜[01m[Kvoid Transformer::R(Matrix*, bool)[m[Kâ€™ conflicts with a previous declaration
   void R(Matrix*, bool[01;31m[K)[m[K;
                       [01;31m[K^[m[K
[01m[K/home/m_dyse/Dyse-Robotics/Projects/Rofous/src/rofous_controller/include/Transformer.hpp:12:10:[m[K [01;36m[Knote: [m[Kprevious declaration â€˜[01m[KMatrix Transformer::R[m[Kâ€™
   Matrix [01;36m[KR[m[K;
          [01;36m[K^[m[K
[01m[K/home/m_dyse/Dyse-Robotics/Projects/Rofous/src/rofous_controller/src/Transformer.cpp:[m[K In member function â€˜[01m[Kvoid Transformer::Rx(float)[m[Kâ€™:
[01m[K/home/m_dyse/Dyse-Robotics/Projects/Rofous/src/rofous_controller/src/Transformer.cpp:38:2:[m[K [01;31m[Kerror: [m[Kinvalid use of member function â€˜[01m[Kvoid Transformer::R(Matrix*, bool)[m[Kâ€™ (did you forget the â€˜[01m[K()[m[Kâ€™ ?)
  [01;31m[KR[m[K.matmul(&r_mat);
  [01;31m[K^[m[K
[01m[K/home/m_dyse/Dyse-Robotics/Projects/Rofous/src/rofous_controller/src/Transformer.cpp:[m[K In member function â€˜[01m[Kvoid Transformer::Ry(float)[m[Kâ€™:
[01m[K/home/m_dyse/Dyse-Robotics/Projects/Rofous/src/rofous_controller/src/Transformer.cpp:45:2:[m[K [01;31m[Kerror: [m[Kinvalid use of member function â€˜[01m[Kvoid Transformer::R(Matrix*, bool)[m[Kâ€™ (did you forget the â€˜[01m[K()[m[Kâ€™ ?)
  [01;31m[KR[m[K.matmul(&r_mat);
  [01;31m[K^[m[K
[01m[K/home/m_dyse/Dyse-Robotics/Projects/Rofous/src/rofous_controller/src/Transformer.cpp:[m[K In member function â€˜[01m[Kvoid Transformer::Rz(float)[m[Kâ€™:
[01m[K/home/m_dyse/Dyse-Robotics/Projects/Rofous/src/rofous_controller/src/Transformer.cpp:52:2:[m[K [01;31m[Kerror: [m[Kinvalid use of member function â€˜[01m[Kvoid Transformer::R(Matrix*, bool)[m[Kâ€™ (did you forget the â€˜[01m[K()[m[Kâ€™ ?)
  [01;31m[KR[m[K.matmul(&r_mat);
  [01;31m[K^[m[K
In file included from [01m[K/home/m_dyse/Dyse-Robotics/Projects/Rofous/src/rofous_controller/src/Transformer.cpp:3:0[m[K:
[01m[K/home/m_dyse/Dyse-Robotics/Projects/Rofous/src/rofous_controller/src/Transformer.cpp:[m[K In member function â€˜[01m[Kvoid Transformer::build_rotation(std::vector<float>, std::vector<char>)[m[Kâ€™:
[01m[K/home/m_dyse/Dyse-Robotics/Projects/Rofous/src/rofous_controller/src/Transformer.cpp:57:29:[m[K [01;31m[Kerror: [m[Kinvalid use of member function â€˜[01m[Kvoid Transformer::R(Matrix*, bool)[m[Kâ€™ (did you forget the â€˜[01m[K()[m[Kâ€™ ?)
  assert(reference.size() == [01;31m[KR[m[K.rows());
                             [01;31m[K^[m[K
[01m[K/home/m_dyse/Dyse-Robotics/Projects/Rofous/src/rofous_controller/src/Transformer.cpp:57:31:[m[K [01;31m[Kerror: [m[Kexpected â€˜[01m[K)[m[Kâ€™ before â€˜[01m[Krows[m[Kâ€™
  assert(reference.size() == R.[01;31m[Kr[m[Kows());
                               [01;31m[K^[m[K
[01m[K/home/m_dyse/Dyse-Robotics/Projects/Rofous/src/rofous_controller/src/Transformer.cpp:57:31:[m[K [01;31m[Kerror: [m[Kexpected â€˜[01m[K)[m[Kâ€™ before â€˜[01m[Krows[m[Kâ€™
[01m[K/home/m_dyse/Dyse-Robotics/Projects/Rofous/src/rofous_controller/src/Transformer.cpp:[m[K In member function â€˜[01m[Kvoid Transformer::add_translation(std::vector<float>, Matrix*)[m[Kâ€™:
[01m[K/home/m_dyse/Dyse-Robotics/Projects/Rofous/src/rofous_controller/src/Transformer.cpp:76:31:[m[K [01;31m[Kerror: [m[Kinvalid use of member function â€˜[01m[Kvoid Transformer::R(Matrix*, bool)[m[Kâ€™ (did you forget the â€˜[01m[K()[m[Kâ€™ ?)
  assert(translation.size() == [01;31m[KR[m[K.rows());
                               [01;31m[K^[m[K
[01m[K/home/m_dyse/Dyse-Robotics/Projects/Rofous/src/rofous_controller/src/Transformer.cpp:76:33:[m[K [01;31m[Kerror: [m[Kexpected â€˜[01m[K)[m[Kâ€™ before â€˜[01m[Krows[m[Kâ€™
  assert(translation.size() == R.[01;31m[Kr[m[Kows());
                                 [01;31m[K^[m[K
[01m[K/home/m_dyse/Dyse-Robotics/Projects/Rofous/src/rofous_controller/src/Transformer.cpp:76:33:[m[K [01;31m[Kerror: [m[Kexpected â€˜[01m[K)[m[Kâ€™ before â€˜[01m[Krows[m[Kâ€™
[01m[K/home/m_dyse/Dyse-Robotics/Projects/Rofous/src/rofous_controller/src/Transformer.cpp:80:19:[m[K [01;31m[Kerror: [m[Kinvalid use of member function â€˜[01m[Kvoid Transformer::R(Matrix*, bool)[m[Kâ€™ (did you forget the â€˜[01m[K()[m[Kâ€™ ?)
  for(int i=0; i < [01;31m[KR[m[K.rows(); i++)
                   [01;31m[K^[m[K
[01m[K/home/m_dyse/Dyse-Robotics/Projects/Rofous/src/rofous_controller/src/Transformer.cpp:80:21:[m[K [01;31m[Kerror: [m[Kexpected â€˜[01m[K;[m[Kâ€™ before â€˜[01m[Krows[m[Kâ€™
  for(int i=0; i < R.[01;31m[Krows[m[K(); i++)
                     [01;31m[K^~~~[m[K
[01m[K/home/m_dyse/Dyse-Robotics/Projects/Rofous/src/rofous_controller/src/Transformer.cpp:80:21:[m[K [01;31m[Kerror: [m[Kâ€˜[01m[Krows[m[Kâ€™ was not declared in this scope
[01m[K/home/m_dyse/Dyse-Robotics/Projects/Rofous/src/rofous_controller/src/Transformer.cpp:80:21:[m[K [01;36m[Knote: [m[Ksuggested alternative: â€˜[01m[Kpowl[m[Kâ€™
  for(int i=0; i < R.[01;36m[Krows[m[K(); i++)
                     [01;36m[K^~~~[m[K
                     [32m[Kpowl[m[K
[01m[K/home/m_dyse/Dyse-Robotics/Projects/Rofous/src/rofous_controller/src/Transformer.cpp:80:27:[m[K [01;31m[Kerror: [m[Kexpected â€˜[01m[K)[m[Kâ€™ before â€˜[01m[K;[m[Kâ€™ token
  for(int i=0; i < R.rows()[01;31m[K;[m[K i++)
                           [01;31m[K^[m[K
[01m[K/home/m_dyse/Dyse-Robotics/Projects/Rofous/src/rofous_controller/src/Transformer.cpp:80:29:[m[K [01;31m[Kerror: [m[Kâ€˜[01m[Ki[m[Kâ€™ was not declared in this scope
  for(int i=0; i < R.rows(); [01;31m[Ki[m[K++)
                             [01;31m[K^[m[K
[01m[K/home/m_dyse/Dyse-Robotics/Projects/Rofous/src/rofous_controller/src/Transformer.cpp:80:29:[m[K [01;36m[Knote: [m[Ksuggested alternative: â€˜[01m[KPi[m[Kâ€™
  for(int i=0; i < R.rows(); [01;36m[Ki[m[K++)
                             [01;36m[K^[m[K
                             [32m[KPi[m[K
[01m[K/home/m_dyse/Dyse-Robotics/Projects/Rofous/src/rofous_controller/src/Transformer.cpp:[m[K In member function â€˜[01m[Kvoid Transformer::build_transform(std::vector<float>, std::vector<float>, std::vector<char>)[m[Kâ€™:
[01m[K/home/m_dyse/Dyse-Robotics/Projects/Rofous/src/rofous_controller/src/Transformer.cpp:95:2:[m[K [01;31m[Kerror: [m[Kinvalid use of member function â€˜[01m[Kvoid Transformer::R(Matrix*, bool)[m[Kâ€™ (did you forget the â€˜[01m[K()[m[Kâ€™ ?)
  [01;31m[KR[m[K.T();
  [01;31m[K^[m[K
[01m[K/home/m_dyse/Dyse-Robotics/Projects/Rofous/src/rofous_controller/src/Transformer.cpp:97:2:[m[K [01;31m[Kerror: [m[Kinvalid use of member function â€˜[01m[Kvoid Transformer::R(Matrix*, bool)[m[Kâ€™ (did you forget the â€˜[01m[K()[m[Kâ€™ ?)
  [01;31m[KR[m[K.T();
  [01;31m[K^[m[K
[01m[K/home/m_dyse/Dyse-Robotics/Projects/Rofous/src/rofous_controller/src/Transformer.cpp:[m[K In member function â€˜[01m[Kvoid Transformer::R(Matrix*, bool)[m[Kâ€™:
[01m[K/home/m_dyse/Dyse-Robotics/Projects/Rofous/src/rofous_controller/src/Transformer.cpp:109:4:[m[K [01;31m[Kerror: [m[Kinvalid use of member function â€˜[01m[Kvoid Transformer::R(Matrix*, bool)[m[Kâ€™ (did you forget the â€˜[01m[K()[m[Kâ€™ ?)
    [01;31m[KR[m[K.T();
    [01;31m[K^[m[K
[01m[K/home/m_dyse/Dyse-Robotics/Projects/Rofous/src/rofous_controller/src/Transformer.cpp:110:19:[m[K [01;31m[Kerror: [m[KISO C++ forbids taking the address of an unqualified or parenthesized non-static member function to form a pointer to member function.  Say â€˜[01m[K&Transformer::R[m[Kâ€™ [[01;31m[K-fpermissive[m[K]
    point->matmul(&[01;31m[KR[m[K);
                   [01;31m[K^[m[K
[01m[K/home/m_dyse/Dyse-Robotics/Projects/Rofous/src/rofous_controller/src/Transformer.cpp:110:20:[m[K [01;31m[Kerror: [m[Kno matching function for call to â€˜[01m[KMatrix::matmul(void (Transformer::*)(Matrix*, bool))[m[Kâ€™
    point->matmul(&R[01;31m[K)[m[K;
                    [01;31m[K^[m[K
In file included from [01m[K/home/m_dyse/Dyse-Robotics/Projects/Rofous/src/rofous_controller/include/Transformer.hpp:1:0[m[K,
                 from [01m[K/home/m_dyse/Dyse-Robotics/Projects/Rofous/src/rofous_controller/src/Transformer.cpp:6[m[K:
[01m[K/home/m_dyse/Dyse-Robotics/Projects/Rofous/src/rofous_controller/include/Matrix.hpp:23:8:[m[K [01;36m[Knote: [m[Kcandidate: void Matrix::matmul(Matrix*)
   void [01;36m[Kmatmul[m[K(Matrix*);
        [01;36m[K^~~~~~[m[K
[01m[K/home/m_dyse/Dyse-Robotics/Projects/Rofous/src/rofous_controller/include/Matrix.hpp:23:8:[m[K [01;36m[Knote: [m[K  no known conversion for argument 1 from â€˜[01m[Kvoid (Transformer::*)(Matrix*, bool)[m[Kâ€™ to â€˜[01m[KMatrix*[m[Kâ€™
[01m[K/home/m_dyse/Dyse-Robotics/Projects/Rofous/src/rofous_controller/src/Transformer.cpp:111:4:[m[K [01;31m[Kerror: [m[Kinvalid use of member function â€˜[01m[Kvoid Transformer::R(Matrix*, bool)[m[Kâ€™ (did you forget the â€˜[01m[K()[m[Kâ€™ ?)
    [01;31m[KR[m[K.T();
    [01;31m[K^[m[K
[01m[K/home/m_dyse/Dyse-Robotics/Projects/Rofous/src/rofous_controller/src/Transformer.cpp:118:19:[m[K [01;31m[Kerror: [m[KISO C++ forbids taking the address of an unqualified or parenthesized non-static member function to form a pointer to member function.  Say â€˜[01m[K&Transformer::R[m[Kâ€™ [[01;31m[K-fpermissive[m[K]
    point->matmul(&[01;31m[KR[m[K);
                   [01;31m[K^[m[K
[01m[K/home/m_dyse/Dyse-Robotics/Projects/Rofous/src/rofous_controller/src/Transformer.cpp:118:20:[m[K [01;31m[Kerror: [m[Kno matching function for call to â€˜[01m[KMatrix::matmul(void (Transformer::*)(Matrix*, bool))[m[Kâ€™
    point->matmul(&R[01;31m[K)[m[K;
                    [01;31m[K^[m[K
In file included from [01m[K/home/m_dyse/Dyse-Robotics/Projects/Rofous/src/rofous_controller/include/Transformer.hpp:1:0[m[K,
                 from [01m[K/home/m_dyse/Dyse-Robotics/Projects/Rofous/src/rofous_controller/src/Transformer.cpp:6[m[K:
[01m[K/home/m_dyse/Dyse-Robotics/Projects/Rofous/src/rofous_controller/include/Matrix.hpp:23:8:[m[K [01;36m[Knote: [m[Kcandidate: void Matrix::matmul(Matrix*)
   void [01;36m[Kmatmul[m[K(Matrix*);
        [01;36m[K^~~~~~[m[K
[01m[K/home/m_dyse/Dyse-Robotics/Projects/Rofous/src/rofous_controller/include/Matrix.hpp:23:8:[m[K [01;36m[Knote: [m[K  no known conversion for argument 1 from â€˜[01m[Kvoid (Transformer::*)(Matrix*, bool)[m[Kâ€™ to â€˜[01m[KMatrix*[m[Kâ€™
make[2]: *** [CMakeFiles/Transformer_Test.dir/src/Transformer.cpp.o] Error 1
make[1]: *** [CMakeFiles/Transformer_Test.dir/all] Error 2
make: *** [all] Error 2
