[01m[K/home/m_dyse/Dyse-Robotics/Projects/Rofous/src/rofous_controller/src/Aerial_Device_Dev.cpp:[m[K In function â€˜[01m[Kint main(int, char**)[m[Kâ€™:
[01m[K/home/m_dyse/Dyse-Robotics/Projects/Rofous/src/rofous_controller/src/Aerial_Device_Dev.cpp:92:40:[m[K [01;31m[Kerror: [m[Kno matching function for call to â€˜[01m[KAerial_Device::update_odometry()[m[Kâ€™
  Matrix state = rofous.update_odometry([01;31m[K)[m[K;
                                        [01;31m[K^[m[K
In file included from [01m[K/home/m_dyse/Dyse-Robotics/Projects/Rofous/src/rofous_controller/src/Aerial_Device_Dev.cpp:6:0[m[K:
[01m[K/home/m_dyse/Dyse-Robotics/Projects/Rofous/src/rofous_controller/include/Aerial_Device.hpp:39:10:[m[K [01;36m[Knote: [m[Kcandidate: Matrix Aerial_Device::update_odometry(float)
   Matrix [01;36m[Kupdate_odometry[m[K(float);
          [01;36m[K^~~~~~~~~~~~~~~[m[K
[01m[K/home/m_dyse/Dyse-Robotics/Projects/Rofous/src/rofous_controller/include/Aerial_Device.hpp:39:10:[m[K [01;36m[Knote: [m[K  candidate expects 1 argument, 0 provided
make[2]: *** [CMakeFiles/Aerial_Device_Test.dir/src/Aerial_Device_Dev.cpp.o] Error 1
make[2]: *** Waiting for unfinished jobs....
make[1]: *** [CMakeFiles/Aerial_Device_Test.dir/all] Error 2
make: *** [all] Error 2
