[01m[K/home/m_dyse/Dyse-Robotics/Projects/Rofous/src/rofous_controller/src/Transformer.cpp:[m[K In member function â€˜[01m[Kvoid Transformer::rotate(Matrix*, bool)[m[Kâ€™:
[01m[K/home/m_dyse/Dyse-Robotics/Projects/Rofous/src/rofous_controller/src/Transformer.cpp:106:37:[m[K [01;31m[Kerror: [m[Krequest for member â€˜[01m[Kmatrix_as_string[m[Kâ€™ in â€˜[01m[Kpoint[m[Kâ€™, which is of pointer type â€˜[01m[KMatrix*[m[Kâ€™ (maybe you meant to use â€˜[01m[K->[m[Kâ€™ ?)
    cout << "pre Rotation " << point.[01;31m[Kmatrix_as_string[m[K()<< R.matrix_as_astring();
                                     [01;31m[K^~~~~~~~~~~~~~~~[m[K
[01m[K/home/m_dyse/Dyse-Robotics/Projects/Rofous/src/rofous_controller/src/Transformer.cpp:106:60:[m[K [01;31m[Kerror: [m[Kâ€˜[01m[Kclass Matrix[m[Kâ€™ has no member named â€˜[01m[Kmatrix_as_astring[m[Kâ€™; did you mean â€˜[01m[Kmatrix_as_string[m[Kâ€™?
    cout << "pre Rotation " << point.matrix_as_string()<< R.[01;31m[Kmatrix_as_astring[m[K();
                                                            [01;31m[K^~~~~~~~~~~~~~~~~[m[K
                                                            [32m[Kmatrix_as_string[m[K
[01m[K/home/m_dyse/Dyse-Robotics/Projects/Rofous/src/rofous_controller/src/Transformer.cpp:108:38:[m[K [01;31m[Kerror: [m[Krequest for member â€˜[01m[Kmatrix_as_string[m[Kâ€™ in â€˜[01m[Kpoint[m[Kâ€™, which is of pointer type â€˜[01m[KMatrix*[m[Kâ€™ (maybe you meant to use â€˜[01m[K->[m[Kâ€™ ?)
    cout << "post Rotation " << point.[01;31m[Kmatrix_as_string[m[K();
                                      [01;31m[K^~~~~~~~~~~~~~~~[m[K
[01m[K/home/m_dyse/Dyse-Robotics/Projects/Rofous/src/rofous_controller/src/Transformer.cpp:[m[K In member function â€˜[01m[Kvoid Transformer::rotate(Matrix*, bool)[m[Kâ€™:
[01m[K/home/m_dyse/Dyse-Robotics/Projects/Rofous/src/rofous_controller/src/Transformer.cpp:106:37:[m[K [01;31m[Kerror: [m[Krequest for member â€˜[01m[Kmatrix_as_string[m[Kâ€™ in â€˜[01m[Kpoint[m[Kâ€™, which is of pointer type â€˜[01m[KMatrix*[m[Kâ€™ (maybe you meant to use â€˜[01m[K->[m[Kâ€™ ?)
    cout << "pre Rotation " << point.[01;31m[Kmatrix_as_string[m[K()<< R.matrix_as_astring();
                                     [01;31m[K^~~~~~~~~~~~~~~~[m[K
[01m[K/home/m_dyse/Dyse-Robotics/Projects/Rofous/src/rofous_controller/src/Transformer.cpp:106:60:[m[K [01;31m[Kerror: [m[Kâ€˜[01m[Kclass Matrix[m[Kâ€™ has no member named â€˜[01m[Kmatrix_as_astring[m[Kâ€™; did you mean â€˜[01m[Kmatrix_as_string[m[Kâ€™?
    cout << "pre Rotation " << point.matrix_as_string()<< R.[01;31m[Kmatrix_as_astring[m[K();
                                                            [01;31m[K^~~~~~~~~~~~~~~~~[m[K
                                                            [32m[Kmatrix_as_string[m[K
[01m[K/home/m_dyse/Dyse-Robotics/Projects/Rofous/src/rofous_controller/src/Transformer.cpp:108:38:[m[K [01;31m[Kerror: [m[Krequest for member â€˜[01m[Kmatrix_as_string[m[Kâ€™ in â€˜[01m[Kpoint[m[Kâ€™, which is of pointer type â€˜[01m[KMatrix*[m[Kâ€™ (maybe you meant to use â€˜[01m[K->[m[Kâ€™ ?)
    cout << "post Rotation " << point.[01;31m[Kmatrix_as_string[m[K();
                                      [01;31m[K^~~~~~~~~~~~~~~~[m[K
make[2]: *** [CMakeFiles/Transformer_Test.dir/src/Transformer.cpp.o] Error 1
make[1]: *** [CMakeFiles/Transformer_Test.dir/all] Error 2
make[1]: *** Waiting for unfinished jobs....
make[2]: *** [CMakeFiles/Aerial_Device_Test.dir/src/Transformer.cpp.o] Error 1
make[2]: *** Waiting for unfinished jobs....
make[1]: *** [CMakeFiles/Aerial_Device_Test.dir/all] Error 2
make: *** [all] Error 2
