[01m[K/home/m_dyse/Dyse-Robotics/Projects/Rofous/src/rofous_controller/src/Aerial_Device_Dev.cpp:[m[K In function â€˜[01m[Kint main(int, char**)[m[Kâ€™:
[01m[K/home/m_dyse/Dyse-Robotics/Projects/Rofous/src/rofous_controller/src/Aerial_Device_Dev.cpp:98:2:[m[K [01;31m[Kerror: [m[Kexpected â€˜[01m[K;[m[Kâ€™ before â€˜[01m[Kvector[m[Kâ€™
  [01;31m[Kvector[m[K<float> m = {0,1,2};
  [01;31m[K^~~~~~[m[K
[01m[K/home/m_dyse/Dyse-Robotics/Projects/Rofous/src/rofous_controller/src/Aerial_Device_Dev.cpp:99:20:[m[K [01;31m[Kerror: [m[Kâ€˜[01m[Km[m[Kâ€™ was not declared in this scope
  vector<float> n = [01;31m[Km[m[K;
                    [01;31m[K^[m[K
make[2]: *** [CMakeFiles/Aerial_Device_Test.dir/src/Aerial_Device_Dev.cpp.o] Error 1
make[1]: *** [CMakeFiles/Aerial_Device_Test.dir/all] Error 2
make: *** [all] Error 2
