[01m[K/home/m_dyse/Dyse-Robotics/Projects/Rofous/src/rofous_controller/src/Matrix.cpp:[m[K In member function â€˜[01m[Kvoid Matrix::reshape(int, int)[m[Kâ€™:
[01m[K/home/m_dyse/Dyse-Robotics/Projects/Rofous/src/rofous_controller/src/Matrix.cpp:82:7:[m[K [01;31m[Kerror: [m[Kâ€˜[01m[Knew_index[m[Kâ€™ was not declared in this scope
    if([01;31m[Knew_index[m[K < n * m && new_index >= 0)
       [01;31m[K^~~~~~~~~[m[K
[01m[K/home/m_dyse/Dyse-Robotics/Projects/Rofous/src/rofous_controller/src/Matrix.cpp:82:7:[m[K [01;36m[Knote: [m[Ksuggested alternative: â€˜[01m[Krewind[m[Kâ€™
    if([01;36m[Knew_index[m[K < n * m && new_index >= 0)
       [01;36m[K^~~~~~~~~[m[K
       [32m[Krewind[m[K
[01m[K/home/m_dyse/Dyse-Robotics/Projects/Rofous/src/rofous_controller/src/Matrix.cpp:[m[K In member function â€˜[01m[Kvoid Matrix::reshape(int, int)[m[Kâ€™:
[01m[K/home/m_dyse/Dyse-Robotics/Projects/Rofous/src/rofous_controller/src/Matrix.cpp:82:7:[m[K [01;31m[Kerror: [m[Kâ€˜[01m[Knew_index[m[Kâ€™ was not declared in this scope
    if([01;31m[Knew_index[m[K < n * m && new_index >= 0)
       [01;31m[K^~~~~~~~~[m[K
[01m[K/home/m_dyse/Dyse-Robotics/Projects/Rofous/src/rofous_controller/src/Matrix.cpp:82:7:[m[K [01;36m[Knote: [m[Ksuggested alternative: â€˜[01m[Krewind[m[Kâ€™
    if([01;36m[Knew_index[m[K < n * m && new_index >= 0)
       [01;36m[K^~~~~~~~~[m[K
       [32m[Krewind[m[K
make[2]: *** [CMakeFiles/Transformer_Test.dir/src/Matrix.cpp.o] Error 1
make[1]: *** [CMakeFiles/Transformer_Test.dir/all] Error 2
make[1]: *** Waiting for unfinished jobs....
make[2]: *** [CMakeFiles/Aerial_Device_Test.dir/src/Matrix.cpp.o] Error 1
make[1]: *** [CMakeFiles/Aerial_Device_Test.dir/all] Error 2
make: *** [all] Error 2
